# JRE version: Java(TM) SE Runtime Environment 18.9 (11.0.16.1+1) (build 11.0.16.1+1-LTS-1)
# Java VM: Java HotSpot(TM) 64-Bit Server VM 18.9 (11.0.16.1+1-LTS-1, mixed mode, tiered, compressed oops, g1 gc, windows-amd64)
Heap:
 garbage-first heap   total 157696K, used 12449K [0x0000000081c00000, 0x0000000100000000)
  region size 1024K, 6 young (6144K), 6 survivors (6144K)
 Metaspace       used 31850K, capacity 32648K, committed 32816K, reserved 1077248K
  class space    used 3808K, capacity 4135K, committed 4224K, reserved 1048576K
GC Heap History (10 events):
Event: 1.247 GC heap after
{Heap after GC invocations=1 (full 0):
 garbage-first heap   total 131072K, used 6130K [0x0000000081c00000, 0x0000000100000000)
  region size 1024K, 2 young (2048K), 2 survivors (2048K)
 Metaspace       used 9264K, capacity 9396K, committed 9600K, reserved 1058816K
  class space    used 846K, capacity 878K, committed 896K, reserved 1048576K
}
Event: 1.634 GC heap before
{Heap before GC invocations=1 (full 0):
 garbage-first heap   total 131072K, used 14322K [0x0000000081c00000, 0x0000000100000000)
  region size 1024K, 10 young (10240K), 2 survivors (2048K)
 Metaspace       used 11503K, capacity 11728K, committed 12032K, reserved 1060864K
  class space    used 1139K, capacity 1217K, committed 1280K, reserved 1048576K
}
Event: 1.639 GC heap after
{Heap after GC invocations=2 (full 0):
 garbage-first heap   total 131072K, used 6662K [0x0000000081c00000, 0x0000000100000000)
  region size 1024K, 1 young (1024K), 1 survivors (1024K)
 Metaspace       used 11503K, capacity 11728K, committed 12032K, reserved 1060864K
  class space    used 1139K, capacity 1217K, committed 1280K, reserved 1048576K
}
Event: 2.448 GC heap before
{Heap before GC invocations=2 (full 0):
 garbage-first heap   total 131072K, used 31238K [0x0000000081c00000, 0x0000000100000000)
  region size 1024K, 26 young (26624K), 1 survivors (1024K)
 Metaspace       used 17566K, capacity 17969K, committed 18304K, reserved 1064960K
  class space    used 1916K, capacity 2076K, committed 2176K, reserved 1048576K
}
Event: 2.467 GC heap after
{Heap after GC invocations=3 (full 0):
 garbage-first heap   total 131072K, used 7950K [0x0000000081c00000, 0x0000000100000000)
  region size 1024K, 2 young (2048K), 2 survivors (2048K)
 Metaspace       used 17566K, capacity 17969K, committed 18304K, reserved 1064960K
  class space    used 1916K, capacity 2076K, committed 2176K, reserved 1048576K
}
Event: 2.853 GC heap before
{Heap before GC invocations=3 (full 0):
 garbage-first heap   total 131072K, used 30478K [0x0000000081c00000, 0x0000000100000000)
  region size 1024K, 25 young (25600K), 2 survivors (2048K)
 Metaspace       used 20767K, capacity 21172K, committed 21296K, reserved 1069056K
  class space    used 2437K, capacity 2610K, committed 2688K, reserved 1048576K
}
Event: 2.858 GC heap after
{Heap after GC invocations=4 (full 0):
 garbage-first heap   total 131072K, used 8893K [0x0000000081c00000, 0x0000000100000000)
  region size 1024K, 3 young (3072K), 3 survivors (3072K)
 Metaspace       used 20767K, capacity 21172K, committed 21296K, reserved 1069056K
  class space    used 2437K, capacity 2610K, committed 2688K, reserved 1048576K
}
Event: 4.048 GC heap before
{Heap before GC invocations=5 (full 0):
 garbage-first heap   total 131072K, used 51901K [0x0000000081c00000, 0x0000000100000000)
  region size 1024K, 46 young (47104K), 3 survivors (3072K)
 Metaspace       used 26402K, capacity 27012K, committed 27056K, reserved 1073152K
  class space    used 3083K, capacity 3319K, committed 3328K, reserved 1048576K
}
Event: 4.056 GC heap after
{Heap after GC invocations=6 (full 0):
 garbage-first heap   total 131072K, used 10792K [0x0000000081c00000, 0x0000000100000000)
  region size 1024K, 5 young (5120K), 5 survivors (5120K)
 Metaspace       used 26402K, capacity 27012K, committed 27056K, reserved 1073152K
  class space    used 3083K, capacity 3319K, committed 3328K, reserved 1048576K
}
Event: 7.466 GC heap before
{Heap before GC invocations=6 (full 0):
 garbage-first heap   total 131072K, used 68136K [0x0000000081c00000, 0x0000000100000000)
  region size 1024K, 61 young (62464K), 5 survivors (5120K)
 Metaspace       used 31850K, capacity 32648K, committed 32816K, reserved 1077248K
  class space    used 3808K, capacity 4135K, committed 4224K, reserved 1048576K
}

